1
00000000000000000000 011001100010010001000 0 00100000000001111000
00100000000001111000 001110100000000011000 0 00100000000001110110
00100000000001110110 000000000000000000000 0 00100000000001110100
00100000000001110100 110000000011010010000 0 00100000000001110010
00100000000001110010 000000000000000000000 0 00100000000001110000
00100000000001110000 000000000000000000000 0 00100000000001101110
00100000000001101110 000000000000000000000 0 00100000000001101100
00100000000001101100 000000000000000000000 0 00100000000001101010
00100000000001101010 000000000000000000000 0 00100000000001101000
00100000000001101000 000000000000000000000 0 00100000000001100110
00100000000001100110 000000000000000000000 0 00100000000001100100
00100000000001100100 000000000000000000000 0 00100000000001100010
00100000000001100010 000000000000000000000 0 00100000000001100000
00100000000001100000 000000000000000000000 0 00100000000001011110
00100000000001011110 000000000000000000000 0 00100000000001011100
00100000000001011100 000000000000000000000 0 00100000000001011010
00100000000001011010 000000000000000000000 0 00100000000001011000
00100000000001011000 000000000000000000000 0 00100000000001010110
00100000000001010110 000000000000000000000 0 00100000000001010100
00100000000001010100 000000000000000000000 0 00100000000001010010
00100000000001010010 000000000000000000000 0 00100000000001010000
00100000000001010000 000000000000000000000 0 00100000000001001110
00100000000001001110 000000000000000000000 0 00100000000001001100
00100000000001001100 000000001000000000010 0 01100001010001001100
01100001010001001100 000000001000000000010 0 01100010100001001100
01100010100001001100 000000001000000000010 0 01100011110001001100
01100011110001001100 000000000000000000000 0 00100011110001001010
00100011110001001010 000000000000000000000 0 00100011110001001000
00100011110001001000 000000000000000000000 0 00100011110001000110
00100011110001000110 000000000000000000000 0 00100011110001000100
00100011110001000100 000000000000000000000 0 00100011110001000010
00100011110001000010 000000001000000000010 0 01100101000001000010
01100101000001000010 000000000000000000000 0 00100101000001000000
00100101000001000000 000000000000000000000 0 00100101000000111110
00100101000000111110 000000000000000000000 0 00100101000000111100
00100101000000111100 000000000000000000000 0 00100101000000111010
00100101000000111010 000000000000000000000 0 00100101000000111000
00100101000000111000 000000000000000000000 0 00100101000000110110
00100101000000110110 000000000000000000000 0 00100101000000110100
00100101000000110100 000000000000000000000 0 00100101000000110010
00100101000000110010 000000000000000000000 0 00100101000000110000
00100101000000110000 000000000000000000000 0 00100101000000101110
00100101000000101110 000000000000000000000 0 00100101000000101100
00100101000000101100 000000000000000000000 0 00100101000000101010
00100101000000101010 000000000000000000000 0 00100101000000101000
00100101000000101000 000000000000000000000 0 00100101000000100110
00100101000000100110 000000001000000000010 0 01100110010000100110
01100110010000100110 000000000000000000000 1 00100110010000100101
